<?xml version="1.0" encoding="UTF-8"?>
<!-- Generated by org.testng.reporters.JUnitReportReporter -->
<testsuite hostname="belmouden" failures="0" tests="1" name="newtestngproject.Newprojetc" time="3.665" errors="0" timestamp="2023-03-22T19:13:37 EDT" skipped="0">
  <testcase classname="newtestngproject.Newprojetc" name="test1" time="3.665"/>
  <system-out/>
</testsuite> <!-- newtestngproject.Newprojetc -->
