<?xml version="1.0" encoding="UTF-8"?>
<!-- Generated by org.testng.reporters.JUnitReportReporter -->
<testsuite hostname="belmouden" failures="0" tests="1" name="newtestngproject.Newprojetc" time="5.205" errors="0" timestamp="2023-03-22T20:58:27 EDT" skipped="0">
  <testcase classname="newtestngproject.Newprojetc" name="test1" time="5.205"/>
  <system-out/>
</testsuite> <!-- newtestngproject.Newprojetc -->
